<test-run id="2" testcasecount="1" result="Passed" start-time="2022-08-23 13:40:33.136016" end-time="2022-08-23 13:40:33.146149" duration="0" total="1" passed="1" failed="0" inconclusive="0" skipped="0" asserts="0" clr-version="3.8.0 (tags/v3.8.0:fa919fd, Oct 14 2019, 19:37:50) [MSC v.1916 64 bit (AMD64)]" engine-version="3.6.2"><command-line>C:\Program Files\JetBrains\PyCharm Community Edition 2022.1\plugins\python-ce\helpers\pycharm\_jb_pytest_runner.py main.py::test_num</command-line><filter><test re="0">main.py::test_num</test></filter><test-suite id="test/main.py" name="test/main.py" fullname="test/main.py" methodname="" classname="" runstate="Runnable" type="Assembly" testcasecount="1" result="Passed" label="" start-time="2022-08-23 13:40:33.146149" end-time="2022-08-23 13:40:33.146149" duration="0.0" asserts="0" total="1" passed="1" failed="0" warnings="0" inconclusive="0" skipped="0"><properties><property name="python_version" value="3.8.0 (tags/v3.8.0:fa919fd, Oct 14 2019, 19:37:50) [MSC v.1916 64 bit (AMD64)]" /></properties><test-case id="100" name="test/main.py::test_num" fullname="test/main.py::test_num" methodname="test_num" classname="test/main.py" runstate="Runnable" seed="1" result="Passed" label="" start-time="2022-08-23 13:40:33.146149" end-time="2022-08-23 13:40:33.146149" duration="0.0" asserts="0"><properties><property name="python-version" value="3.8.0 (tags/v3.8.0:fa919fd, Oct 14 2019, 19:37:50) [MSC v.1916 64 bit (AMD64)]" /><property name="fspath" value="test/main.py" /></properties><environment framework-version="3.6.2" clr-version="3.8.0 (tags/v3.8.0:fa919fd, Oct 14 2019, 19:37:50) [MSC v.1916 64 bit (AMD64)]" os-version="10" platform="Windows" cwd="C:\pythonProject1\test" machine-name="AMD64" user="" user-domain="" culture="en_US" uiculture="en_US" os-architecture="64bit" /><failure><message><![CDATA[]]></message><stack-trace><![CDATA[None]]></stack-trace></failure><reason><message><![CDATA[]]></message></reason><output><![CDATA[]]></output></test-case><environment framework-version="3.6.2" clr-version="3.8.0 (tags/v3.8.0:fa919fd, Oct 14 2019, 19:37:50) [MSC v.1916 64 bit (AMD64)]" os-version="10" platform="Windows" cwd="C:\pythonProject1\test" machine-name="AMD64" user="" user-domain="" culture="en_US" uiculture="en_US" os-architecture="64bit" /></test-suite></test-run>