<test-run id="2" testcasecount="0" result="Passed" start-time="2022-08-19 21:57:46.009399" end-time="2022-08-19 21:57:46.013398" duration="0" total="0" passed="0" failed="0" inconclusive="0" skipped="0" asserts="0" clr-version="3.8.0 (tags/v3.8.0:fa919fd, Oct 14 2019, 19:37:50) [MSC v.1916 64 bit (AMD64)]" engine-version="3.6.2"><command-line>C:\Program Files\JetBrains\PyCharm Community Edition 2022.1\plugins\python-ce\helpers\pycharm\_jb_pytest_runner.py C:/pythonProject1/main.py</command-line><filter><test re="0">C:/pythonProject1/main.py</test></filter></test-run>