<test-run id="2" testcasecount="2" result="Passed" start-time="2022-07-18 20:48:05.688190" end-time="2022-07-18 20:48:06.359773" duration="0" total="2" passed="2" failed="0" inconclusive="0" skipped="0" asserts="0" clr-version="3.8.0 (tags/v3.8.0:fa919fd, Oct 14 2019, 19:37:50) [MSC v.1916 64 bit (AMD64)]" engine-version="3.6.2"><command-line>C:\Program Files (x86)\Python\Scripts\pytest -vv main.py --junit-xml=./report/report.xml</command-line><filter><test re="0">main.py</test></filter><test-suite id="main.py" name="main.py" fullname="main.py" methodname="" classname="" runstate="Runnable" type="Assembly" testcasecount="2" result="Passed" label="" start-time="2022-07-18 20:48:05.703745" end-time="2022-07-18 20:48:06.358773" duration="0.655028" asserts="0" total="2" passed="2" failed="0" warnings="0" inconclusive="0" skipped="0"><properties><property name="python_version" value="3.8.0 (tags/v3.8.0:fa919fd, Oct 14 2019, 19:37:50) [MSC v.1916 64 bit (AMD64)]" /></properties><test-case id="100" name="main.py::test_get_method" fullname="main.py::test_get_method" methodname="test_get_method" classname="main.py" runstate="Runnable" seed="1" result="Passed" label="" start-time="2022-07-18 20:48:05.703745" end-time="2022-07-18 20:48:06.101833" duration="0.398088" asserts="0"><properties><property name="python-version" value="3.8.0 (tags/v3.8.0:fa919fd, Oct 14 2019, 19:37:50) [MSC v.1916 64 bit (AMD64)]" /><property name="fspath" value="main.py" /></properties><environment framework-version="3.6.2" clr-version="3.8.0 (tags/v3.8.0:fa919fd, Oct 14 2019, 19:37:50) [MSC v.1916 64 bit (AMD64)]" os-version="10" platform="Windows" cwd="C:\pythonProject1" machine-name="AMD64" user="" user-domain="" culture="en_US" uiculture="en_US" os-architecture="64bit" /><failure><message><![CDATA[]]></message><stack-trace><![CDATA[None]]></stack-trace></failure><reason><message><![CDATA[]]></message></reason><output><![CDATA[]]></output></test-case><test-case id="101" name="main.py::test_post_method" fullname="main.py::test_post_method" methodname="test_post_method" classname="main.py" runstate="Runnable" seed="1" result="Passed" label="" start-time="2022-07-18 20:48:06.102833" end-time="2022-07-18 20:48:06.358773" duration="0.25594" asserts="0"><properties><property name="python-version" value="3.8.0 (tags/v3.8.0:fa919fd, Oct 14 2019, 19:37:50) [MSC v.1916 64 bit (AMD64)]" /><property name="fspath" value="main.py" /></properties><environment framework-version="3.6.2" clr-version="3.8.0 (tags/v3.8.0:fa919fd, Oct 14 2019, 19:37:50) [MSC v.1916 64 bit (AMD64)]" os-version="10" platform="Windows" cwd="C:\pythonProject1" machine-name="AMD64" user="" user-domain="" culture="en_US" uiculture="en_US" os-architecture="64bit" /><failure><message><![CDATA[]]></message><stack-trace><![CDATA[None]]></stack-trace></failure><reason><message><![CDATA[]]></message></reason><output><![CDATA[]]></output></test-case><environment framework-version="3.6.2" clr-version="3.8.0 (tags/v3.8.0:fa919fd, Oct 14 2019, 19:37:50) [MSC v.1916 64 bit (AMD64)]" os-version="10" platform="Windows" cwd="C:\pythonProject1" machine-name="AMD64" user="" user-domain="" culture="en_US" uiculture="en_US" os-architecture="64bit" /></test-suite></test-run>